# JRE version: OpenJDK Runtime Environment (17.0.10) (build 17.0.10+0--11572160)
# Java VM: OpenJDK 64-Bit Server VM (17.0.10+0--11572160, mixed mode, tiered, compressed oops, compressed class ptrs, g1 gc, windows-amd64)
GC Precious Log:
 CPUs: 2 total, 2 available
 Memory: 3460M
 Large Page Support: Disabled
 NUMA Support: Disabled
 Compressed Oops: Enabled (32-bit)
 Heap Region Size: 1M
 Heap Min Capacity: 8M
 Heap Initial Capacity: 56M
 Heap Max Capacity: 2G
 Pre-touch: Disabled
 Parallel Workers: 2
 Concurrent Workers: 1
 Concurrent Refinement Workers: 2
 Periodic GC: Disabled
Heap:
 garbage-first heap   total 560128K, used 326833K [0x0000000080000000, 0x0000000100000000)
  region size 1024K, 1 young (1024K), 1 survivors (1024K)
 Metaspace       used 140466K, committed 142720K, reserved 1179648K
  class space    used 19019K, committed 20096K, reserved 1048576K
GC Heap History (20 events):
Event: 5849.411 GC heap after
{Heap after GC invocations=162 (full 1):
 garbage-first heap   total 560128K, used 287013K [0x0000000080000000, 0x0000000100000000)
  region size 1024K, 4 young (4096K), 4 survivors (4096K)
 Metaspace       used 140200K, committed 142464K, reserved 1179648K
  class space    used 19013K, committed 20096K, reserved 1048576K
}
Event: 5852.720 GC heap before
{Heap before GC invocations=162 (full 1):
 garbage-first heap   total 560128K, used 330021K [0x0000000080000000, 0x0000000100000000)
  region size 1024K, 47 young (48128K), 4 survivors (4096K)
 Metaspace       used 140287K, committed 142528K, reserved 1179648K
  class space    used 19013K, committed 20096K, reserved 1048576K
}
Event: 5852.797 GC heap after
{Heap after GC invocations=163 (full 1):
 garbage-first heap   total 560128K, used 293463K [0x0000000080000000, 0x0000000100000000)
  region size 1024K, 6 young (6144K), 6 survivors (6144K)
 Metaspace       used 140287K, committed 142528K, reserved 1179648K
  class space    used 19013K, committed 20096K, reserved 1048576K
}
Event: 5853.638 GC heap before
{Heap before GC invocations=163 (full 1):
 garbage-first heap   total 560128K, used 314967K [0x0000000080000000, 0x0000000100000000)
  region size 1024K, 27 young (27648K), 6 survivors (6144K)
 Metaspace       used 140289K, committed 142528K, reserved 1179648K
  class space    used 19013K, committed 20096K, reserved 1048576K
}
Event: 5853.724 GC heap after
{Heap after GC invocations=164 (full 1):
 garbage-first heap   total 560128K, used 296857K [0x0000000080000000, 0x0000000100000000)
  region size 1024K, 3 young (3072K), 3 survivors (3072K)
 Metaspace       used 140289K, committed 142528K, reserved 1179648K
  class space    used 19013K, committed 20096K, reserved 1048576K
}
Event: 5855.239 GC heap before
{Heap before GC invocations=164 (full 1):
 garbage-first heap   total 560128K, used 339865K [0x0000000080000000, 0x0000000100000000)
  region size 1024K, 45 young (46080K), 3 survivors (3072K)
 Metaspace       used 140310K, committed 142528K, reserved 1179648K
  class space    used 19016K, committed 20096K, reserved 1048576K
}
Event: 5855.261 GC heap after
{Heap after GC invocations=165 (full 1):
 garbage-first heap   total 560128K, used 298216K [0x0000000080000000, 0x0000000100000000)
  region size 1024K, 5 young (5120K), 5 survivors (5120K)
 Metaspace       used 140310K, committed 142528K, reserved 1179648K
  class space    used 19016K, committed 20096K, reserved 1048576K
}
Event: 5881.485 GC heap before
{Heap before GC invocations=165 (full 1):
 garbage-first heap   total 560128K, used 359656K [0x0000000080000000, 0x0000000100000000)
  region size 1024K, 66 young (67584K), 5 survivors (5120K)
 Metaspace       used 140332K, committed 142528K, reserved 1179648K
  class space    used 19019K, committed 20096K, reserved 1048576K
}
Event: 5881.681 GC heap after
{Heap after GC invocations=166 (full 1):
 garbage-first heap   total 560128K, used 301723K [0x0000000080000000, 0x0000000100000000)
  region size 1024K, 8 young (8192K), 8 survivors (8192K)
 Metaspace       used 140332K, committed 142528K, reserved 1179648K
  class space    used 19019K, committed 20096K, reserved 1048576K
}
Event: 5884.861 GC heap before
{Heap before GC invocations=166 (full 1):
 garbage-first heap   total 560128K, used 342683K [0x0000000080000000, 0x0000000100000000)
  region size 1024K, 47 young (48128K), 8 survivors (8192K)
 Metaspace       used 140345K, committed 142528K, reserved 1179648K
  class space    used 19019K, committed 20096K, reserved 1048576K
}
Event: 5884.939 GC heap after
{Heap after GC invocations=167 (full 1):
 garbage-first heap   total 560128K, used 306142K [0x0000000080000000, 0x0000000100000000)
  region size 1024K, 5 young (5120K), 5 survivors (5120K)
 Metaspace       used 140345K, committed 142528K, reserved 1179648K
  class space    used 19019K, committed 20096K, reserved 1048576K
}
Event: 6218.132 GC heap before
{Heap before GC invocations=167 (full 1):
 garbage-first heap   total 560128K, used 407518K [0x0000000080000000, 0x0000000100000000)
  region size 1024K, 86 young (88064K), 5 survivors (5120K)
 Metaspace       used 140401K, committed 142656K, reserved 1179648K
  class space    used 19019K, committed 20096K, reserved 1048576K
}
Event: 6218.354 GC heap after
{Heap after GC invocations=168 (full 1):
 garbage-first heap   total 560128K, used 304567K [0x0000000080000000, 0x0000000100000000)
  region size 1024K, 6 young (6144K), 6 survivors (6144K)
 Metaspace       used 140401K, committed 142656K, reserved 1179648K
  class space    used 19019K, committed 20096K, reserved 1048576K
}
Event: 6223.866 GC heap before
{Heap before GC invocations=168 (full 1):
 garbage-first heap   total 560128K, used 363959K [0x0000000080000000, 0x0000000100000000)
  region size 1024K, 65 young (66560K), 6 survivors (6144K)
 Metaspace       used 140449K, committed 142720K, reserved 1179648K
  class space    used 19019K, committed 20096K, reserved 1048576K
}
Event: 6224.514 GC heap after
{Heap after GC invocations=169 (full 1):
 garbage-first heap   total 560128K, used 311864K [0x0000000080000000, 0x0000000100000000)
  region size 1024K, 9 young (9216K), 9 survivors (9216K)
 Metaspace       used 140449K, committed 142720K, reserved 1179648K
  class space    used 19019K, committed 20096K, reserved 1048576K
}
Event: 6225.149 GC heap before
{Heap before GC invocations=169 (full 1):
 garbage-first heap   total 560128K, used 330296K [0x0000000080000000, 0x0000000100000000)
  region size 1024K, 27 young (27648K), 9 survivors (9216K)
 Metaspace       used 140451K, committed 142720K, reserved 1179648K
  class space    used 19019K, committed 20096K, reserved 1048576K
}
Event: 6225.249 GC heap after
{Heap after GC invocations=170 (full 1):
 garbage-first heap   total 560128K, used 322304K [0x0000000080000000, 0x0000000100000000)
  region size 1024K, 4 young (4096K), 4 survivors (4096K)
 Metaspace       used 140451K, committed 142720K, reserved 1179648K
  class space    used 19019K, committed 20096K, reserved 1048576K
}
Event: 6225.800 GC heap before
{Heap before GC invocations=170 (full 1):
 garbage-first heap   total 560128K, used 345856K [0x0000000080000000, 0x0000000100000000)
  region size 1024K, 27 young (27648K), 4 survivors (4096K)
 Metaspace       used 140455K, committed 142720K, reserved 1179648K
  class space    used 19019K, committed 20096K, reserved 1048576K
}
Event: 6226.077 GC heap after
{Heap after GC invocations=171 (full 1):
 garbage-first heap   total 560128K, used 325783K [0x0000000080000000, 0x0000000100000000)
  region size 1024K, 4 young (4096K), 4 survivors (4096K)
 Metaspace       used 140455K, committed 142720K, reserved 1179648K
  class space    used 19019K, committed 20096K, reserved 1048576K
}
Event: 6269.700 GC heap before
{Heap before GC invocations=171 (full 1):
 garbage-first heap   total 560128K, used 348311K [0x0000000080000000, 0x0000000100000000)
  region size 1024K, 27 young (27648K), 4 survivors (4096K)
 Metaspace       used 140466K, committed 142720K, reserved 1179648K
  class space    used 19019K, committed 20096K, reserved 1048576K
}

